[debug] [2022-03-28T12:07:59.165Z] ----------------------------------------------------------------------
[debug] [2022-03-28T12:07:59.166Z] Command:       /usr/local/bin/node /usr/local/bin/firebase init hosting
[debug] [2022-03-28T12:07:59.167Z] CLI Version:   10.5.0
[debug] [2022-03-28T12:07:59.167Z] Platform:      darwin
[debug] [2022-03-28T12:07:59.167Z] Node Version:  v14.17.4
[debug] [2022-03-28T12:07:59.167Z] Time:          Mon Mar 28 2022 19:07:59 GMT+0700 (Indochina Time)
[debug] [2022-03-28T12:07:59.167Z] ----------------------------------------------------------------------
[debug] 
[debug] [2022-03-28T12:07:59.172Z] > command requires scopes: ["email","openid","https://www.googleapis.com/auth/cloudplatformprojects.readonly","https://www.googleapis.com/auth/firebase","https://www.googleapis.com/auth/cloud-platform"]
[debug] [2022-03-28T12:07:59.172Z] > authorizing via signed-in user (dream10005@gmail.com)
[info] 
     ######## #### ########  ######## ########     ###     ######  ########
     ##        ##  ##     ## ##       ##     ##  ##   ##  ##       ##
     ######    ##  ########  ######   ########  #########  ######  ######
     ##        ##  ##    ##  ##       ##     ## ##     ##       ## ##
     ##       #### ##     ## ######## ########  ##     ##  ######  ########

You're about to initialize a Firebase project in this directory:

  /Users/dreamiizkw/Dreamiiz/bbd-invoice

[info] 
=== Project Setup
[info] 
[info] First, let's associate this project directory with a Firebase project.
[info] You can create multiple project aliases by running firebase use --add, 
[info] but for now we'll just set up a default project.
[info] 
[debug] [2022-03-28T12:08:02.716Z] >>> [apiv2][query] GET https://firebase.googleapis.com/v1beta1/projects pageSize=100
[debug] [2022-03-28T12:08:03.529Z] <<< [apiv2][status] GET https://firebase.googleapis.com/v1beta1/projects 200
[debug] [2022-03-28T12:08:03.530Z] <<< [apiv2][body] GET https://firebase.googleapis.com/v1beta1/projects [omitted]
[info] i  Using project bbd-invoice (bbd-invoice) 
[info] 
=== Hosting Setup
[info] 
[info] Your public directory is the folder (relative to your project directory) that
[info] will contain Hosting assets to be uploaded with firebase deploy. If you
[info] have a build process for your assets, use your build's output directory.
[info] 
[info] ✔  Wrote public/404.html 
[debug] [2022-03-28T12:08:21.692Z] >>> [apiv2][query] GET https://www.gstatic.com/firebasejs/releases.json [none]
[debug] [2022-03-28T12:08:21.990Z] <<< [apiv2][status] GET https://www.gstatic.com/firebasejs/releases.json 200
[debug] [2022-03-28T12:08:21.991Z] <<< [apiv2][body] GET https://www.gstatic.com/firebasejs/releases.json {"current":{"version":"9.6.10","browserURL":"https://www.gstatic.com/firebasejs/9.6.10/firebase.js","packageURL":"https://www.gstatic.com/firebasejs/9.6.10/firebase.tgz"},"live":{"version":"9.6","browserURL":"https://www.gstatic.com/firebasejs/live/9.6/firebase.js","packageURL":"https://www.gstatic.com/firebasejs/live/9.6/firebase.tgz"},"components":{"analytics":"https://www.gstatic.com/firebasejs/9.6.10/firebase-analytics.js","app":"https://www.gstatic.com/firebasejs/9.6.10/firebase-app.js","app-check":"https://www.gstatic.com/firebasejs/9.6.10/firebase-app-check.js","auth":"https://www.gstatic.com/firebasejs/9.6.10/firebase-auth.js","auth/cordova":"https://www.gstatic.com/firebasejs/9.6.10/firebase-auth/cordova.js","auth/react-native":"https://www.gstatic.com/firebasejs/9.6.10/firebase-auth/react-native.js","functions":"https://www.gstatic.com/firebasejs/9.6.10/firebase-functions.js","firestore":"https://www.gstatic.com/firebasejs/9.6.10/firebase-firestore.js","firestore/lite":"https://www.gstatic.com/firebasejs/9.6.10/firebase-firestore/lite.js","storage":"https://www.gstatic.com/firebasejs/9.6.10/firebase-storage.js","performance":"https://www.gstatic.com/firebasejs/9.6.10/firebase-performance.js","remote-config":"https://www.gstatic.com/firebasejs/9.6.10/firebase-remote-config.js","messaging":"https://www.gstatic.com/firebasejs/9.6.10/firebase-messaging.js","messaging/sw":"https://www.gstatic.com/firebasejs/9.6.10/firebase-messaging/sw.js","database":"https://www.gstatic.com/firebasejs/9.6.10/firebase-database.js","firestore.memory":"https://www.gstatic.com/firebasejs/9.6.10/firebase-firestore.memory.js"}}
[info] i  Skipping write of public/index.html 
[info] 
[info] i  Detected a .git folder at /Users/dreamiizkw/Dreamiiz/bbd-invoice 
[info] i  Authorizing with GitHub to upload your service account to a GitHub repository's secrets store. 
[info] 
[info] Visit this URL on this device to log in:
[info] https://github.com/login/oauth/authorize?client_id=89cf50f02ac6aaed3484&state=11172450&redirect_uri=http%3A%2F%2Flocalhost%3A9005&scope=read%3Auser%20repo%20public_repo
[info] 
[info] Waiting for authentication...
[debug] [2022-03-28T12:08:33.961Z] >>> HTTP REQUEST POST https://github.com/login/oauth/access_token  
 {"client_id":"89cf50f02ac6aaed3484","client_secret":"3330d14abc895d9a74d5f17cd7a00711fa2c5bf0","code":"7601d97b907998c162fb","redirect_uri":"http://localhost:9005","state":"11172450"}
[debug] [2022-03-28T12:08:34.651Z] <<< HTTP RESPONSE 200 {"server":"GitHub.com","date":"Mon, 28 Mar 2022 12:08:34 GMT","content-type":"application/json; charset=utf-8","transfer-encoding":"chunked","vary":"X-PJAX, X-PJAX-Container, Accept-Encoding, Accept, X-Requested-With","permissions-policy":"interest-cohort=()","etag":"W/\"2da352cfe4cd1cb06e8cbe0854927f8f\"","cache-control":"max-age=0, private, must-revalidate","strict-transport-security":"max-age=31536000; includeSubdomains; preload","x-frame-options":"deny","x-content-type-options":"nosniff","x-xss-protection":"0","referrer-policy":"origin-when-cross-origin, strict-origin-when-cross-origin","expect-ct":"max-age=2592000, report-uri=\"https://api.github.com/_private/browser/errors\"","content-security-policy":"default-src 'none'; base-uri 'self'; block-all-mixed-content; child-src github.com/assets-cdn/worker/ gist.github.com/assets-cdn/worker/; connect-src 'self' uploads.github.com objects-origin.githubusercontent.com www.githubstatus.com collector.githubapp.com collector.github.com api.github.com github-cloud.s3.amazonaws.com github-production-repository-file-5c1aeb.s3.amazonaws.com github-production-upload-manifest-file-7fdce7.s3.amazonaws.com github-production-user-asset-6210df.s3.amazonaws.com cdn.optimizely.com logx.optimizely.com/v1/events translator.github.com wss://alive.github.com; font-src github.githubassets.com; form-action 'self' github.com gist.github.com objects-origin.githubusercontent.com; frame-ancestors 'none'; frame-src render.githubusercontent.com viewscreen.githubusercontent.com notebooks.githubusercontent.com; img-src 'self' data: github.githubassets.com identicons.github.com collector.githubapp.com collector.github.com github-cloud.s3.amazonaws.com secured-user-images.githubusercontent.com/ *.githubusercontent.com; manifest-src 'self'; media-src github.com user-images.githubusercontent.com/; script-src github.githubassets.com; style-src 'unsafe-inline' github.githubassets.com; worker-src github.com/assets-cdn/worker/ gist.github.com/assets-cdn/worker/","x-github-request-id":"B15A:6EDA:13434D3:1779857:6241A542"}
[debug] [2022-03-28T12:08:34.670Z] >>> [apiv2][query] GET https://api.github.com/user [none]
[debug] [2022-03-28T12:08:35.279Z] <<< [apiv2][status] GET https://api.github.com/user 200
[debug] [2022-03-28T12:08:35.281Z] <<< [apiv2][body] GET https://api.github.com/user {"login":"dreamiizkw","id":18436908,"node_id":"MDQ6VXNlcjE4NDM2OTA4","avatar_url":"https://avatars.githubusercontent.com/u/18436908?v=4","gravatar_id":"","url":"https://api.github.com/users/dreamiizkw","html_url":"https://github.com/dreamiizkw","followers_url":"https://api.github.com/users/dreamiizkw/followers","following_url":"https://api.github.com/users/dreamiizkw/following{/other_user}","gists_url":"https://api.github.com/users/dreamiizkw/gists{/gist_id}","starred_url":"https://api.github.com/users/dreamiizkw/starred{/owner}{/repo}","subscriptions_url":"https://api.github.com/users/dreamiizkw/subscriptions","organizations_url":"https://api.github.com/users/dreamiizkw/orgs","repos_url":"https://api.github.com/users/dreamiizkw/repos","events_url":"https://api.github.com/users/dreamiizkw/events{/privacy}","received_events_url":"https://api.github.com/users/dreamiizkw/received_events","type":"User","site_admin":false,"name":"DreamiizKw","company":null,"blog":"","location":"Thailand","email":"dream10005@gmail.com","hireable":null,"bio":null,"twitter_username":null,"public_repos":27,"public_gists":0,"followers":1,"following":0,"created_at":"2016-04-13T07:21:31Z","updated_at":"2022-03-28T11:06:54Z","private_gists":0,"total_private_repos":4,"owned_private_repos":4,"disk_usage":22212,"collaborators":0,"two_factor_authentication":false,"plan":{"name":"free","space":976562499,"collaborators":0,"private_repos":10000}}
[info] 
[info] ✔  Success! Logged into GitHub as dreamiizkw 
[info] 
